Traceback (most recent call last):
  File "/home/runner/.local/lib/python3.10/site-packages/jupyter_cache/executors/utils.py", line 58, in single_nb_execution
    executenb(
  File "/home/runner/.local/lib/python3.10/site-packages/nbclient/client.py", line 1305, in execute
    return NotebookClient(nb=nb, resources=resources, km=km, **kwargs).execute()
  File "/home/runner/.local/lib/python3.10/site-packages/jupyter_core/utils/__init__.py", line 172, in wrapped
    return loop.run_until_complete(inner)
  File "/usr/lib/python3.10/asyncio/base_events.py", line 649, in run_until_complete
    return future.result()
  File "/home/runner/.local/lib/python3.10/site-packages/nbclient/client.py", line 705, in async_execute
    await self.async_execute_cell(
  File "/home/runner/.local/lib/python3.10/site-packages/nbclient/client.py", line 1058, in async_execute_cell
    await self._check_raise_for_error(cell, cell_index, exec_reply)
  File "/home/runner/.local/lib/python3.10/site-packages/nbclient/client.py", line 914, in _check_raise_for_error
    raise CellExecutionError.from_cell_and_msg(cell, exec_reply_content)
nbclient.exceptions.CellExecutionError: An error occurred while executing the following cell:
------------------
from sklearn.linear_model import Lars
import numpy as np

# ç”Ÿæˆæ ·æœ¬æ•°æ®
np.random.seed(0)
n_samples, n_features = 100, 10
X = np.random.randn(n_samples, n_features)
Y = np.random.randn(n_samples, 5)  # ç”Ÿæˆ5ä¸ªç›¸å…³è”çš„ç›®æ ‡å˜é‡

# åˆ›å»ºLarså¯¹è±¡å¹¶è¿›è¡Œæ‹Ÿåˆ
lars = Lars()
lars.fit(X, y)

# è¾“å‡ºæ¨¡åž‹ç³»æ•°
print("æ¨¡åž‹ç³»æ•°ï¼š")
print(lars.coef_)
------------------


[0;31m---------------------------------------------------------------------------[0m
[0;31mNameError[0m                                 Traceback (most recent call last)
Cell [0;32mIn[1], line 12[0m
[1;32m     10[0m [38;5;66;03m# åˆ›å»ºLarså¯¹è±¡å¹¶è¿›è¡Œæ‹Ÿåˆ[39;00m
[1;32m     11[0m lars [38;5;241m=[39m Lars()
[0;32m---> 12[0m lars[38;5;241m.[39mfit(X, [43my[49m)
[1;32m     14[0m [38;5;66;03m# è¾“å‡ºæ¨¡åž‹ç³»æ•°[39;00m
[1;32m     15[0m [38;5;28mprint[39m([38;5;124m"[39m[38;5;124mæ¨¡åž‹ç³»æ•°ï¼š[39m[38;5;124m"[39m)

[0;31mNameError[0m: name 'y' is not defined

